2025-08-10 19:53:55 | INFO     | __main__:main:9 - Starting application
2025-08-10 19:53:55 | INFO     | database.connection:init_db:16 - Creating database tables if not exist...
2025-08-10 19:56:14 | INFO     | __main__:main:11 - Starting application
2025-08-10 19:56:14 | INFO     | __main__:main:12 - Using DSN: %s
2025-08-10 19:56:14 | INFO     | database.connection:init_db:16 - Creating database tables if not exist...
2025-08-10 20:00:35 | INFO     | __main__:main:11 - Starting World Embalage application
2025-08-10 20:00:35 | INFO     | __main__:main:12 - Database DSN (masked user@host/db): %s@%s/%s
2025-08-10 20:00:35 | INFO     | database.connection:init_db:16 - Creating database tables if not exist...
2025-08-10 20:03:46 | INFO     | __main__:main:11 - Starting World Embalage application
2025-08-10 20:03:46 | INFO     | __main__:main:12 - Database DSN (masked user@host/db): %s@%s/%s
2025-08-10 20:03:46 | INFO     | database.connection:init_db:16 - Creating database tables if not exist...
2025-08-10 20:04:16 | INFO     | __main__:main:11 - Starting World Embalage application
2025-08-10 20:04:16 | INFO     | __main__:main:12 - Database DSN (masked user@host/db): %s@%s/%s
2025-08-10 20:04:16 | INFO     | database.connection:init_db:16 - Creating database tables if not exist...
2025-08-10 20:04:53 | INFO     | __main__:main:11 - Starting World Embalage application
2025-08-10 20:04:53 | INFO     | __main__:main:12 - Database DSN (masked user@host/db): %s@%s/%s
2025-08-10 20:04:53 | INFO     | database.connection:init_db:16 - Creating database tables if not exist...
2025-08-10 20:07:48 | INFO     | __main__:main:13 - Starting World Embalage application
2025-08-10 20:07:48 | INFO     | __main__:main:14 - Database DSN (masked user@host/db): WO_user@127.0.0.1/world_embalage
2025-08-10 20:07:48 | ERROR    | __main__:main:24 - Cannot connect to database: (pymysql.err.OperationalError) (1045, "Access denied for user 'WO_user'@'localhost' (using password: YES)")
(Background on this error at: https://sqlalche.me/e/20/e3q8)
2025-08-10 20:07:48 | ERROR    | __main__:main:25 - Troubleshooting: 1) Verify mysql login: mysql -u WO_user -p -h 127.0.0.1 -P 3306 2) If fails: ALTER USER 'WO_user'@'localhost' IDENTIFIED WITH mysql_native_password BY 'StrongPassword123'; FLUSH PRIVILEGES;
2025-08-10 20:11:16 | INFO     | __main__:main:13 - Starting World Embalage application
2025-08-10 20:11:16 | INFO     | __main__:main:14 - Database DSN (masked user@host/db): WO_user@127.0.0.1/world_embalage
2025-08-10 20:11:16 | ERROR    | __main__:main:24 - Cannot connect to database: (pymysql.err.OperationalError) (1045, "Access denied for user 'WO_user'@'localhost' (using password: YES)")
(Background on this error at: https://sqlalche.me/e/20/e3q8)
2025-08-10 20:11:16 | ERROR    | __main__:main:25 - Troubleshooting: 1) Verify mysql login: mysql -u WO_user -p -h 127.0.0.1 -P 3306 2) If fails: ALTER USER 'WO_user'@'localhost' IDENTIFIED WITH mysql_native_password BY 'StrongPassword123'; FLUSH PRIVILEGES;
2025-08-10 20:14:33 | INFO     | __main__:main:13 - Starting World Embalage application
2025-08-10 20:14:33 | INFO     | __main__:main:14 - Database DSN (masked user@host/db): WO_user@127.0.0.1/world_embalage
2025-08-10 20:14:33 | ERROR    | __main__:main:24 - Cannot connect to database: (pymysql.err.OperationalError) (1045, "Access denied for user 'WO_user'@'localhost' (using password: YES)")
(Background on this error at: https://sqlalche.me/e/20/e3q8)
2025-08-10 20:14:33 | ERROR    | __main__:main:25 - Troubleshooting: 1) Verify mysql login: mysql -u WO_user -p -h 127.0.0.1 -P 3306 2) If fails: ALTER USER 'WO_user'@'localhost' IDENTIFIED WITH mysql_native_password BY 'StrongPassword123'; FLUSH PRIVILEGES;
2025-08-10 20:21:32 | INFO     | __main__:main:13 - Starting World Embalage application
2025-08-10 20:21:32 | INFO     | __main__:main:14 - Database DSN (masked user@host/db): WO_user@127.0.0.1/world_embalage
2025-08-10 20:21:32 | INFO     | database.connection:init_db:16 - Creating database tables if not exist...
2025-08-10 20:21:32 | INFO     | database.connection:init_db:18 - Database initialization complete
2025-08-10 20:23:01 | INFO     | __main__:main:13 - Starting World Embalage application
2025-08-10 20:23:01 | INFO     | __main__:main:14 - Database DSN (masked user@host/db): WO_user@127.0.0.1/world_embalage
2025-08-10 20:23:01 | INFO     | database.connection:init_db:16 - Creating database tables if not exist...
2025-08-10 20:23:01 | INFO     | database.connection:init_db:18 - Database initialization complete
2025-08-10 20:30:16 | INFO     | __main__:main:13 - Starting World Embalage application
2025-08-10 20:30:16 | INFO     | __main__:main:14 - Database DSN (masked user@host/db): WO_user@127.0.0.1/world_embalage
2025-08-10 20:30:17 | INFO     | database.connection:init_db:16 - Creating database tables if not exist...
2025-08-10 20:30:17 | INFO     | database.connection:init_db:18 - Database initialization complete
2025-08-10 22:46:46 | INFO     | __main__:main:13 - Starting World Embalage application
2025-08-10 22:46:46 | INFO     | __main__:main:14 - Database DSN (masked user@host/db): WO_user@127.0.0.1/world_embalage
2025-08-10 22:46:46 | INFO     | database.connection:init_db:16 - Creating database tables if not exist...
2025-08-10 22:46:46 | INFO     | database.connection:init_db:18 - Database initialization complete
2025-08-10 22:46:59 | INFO     | __main__:main:13 - Starting World Embalage application
2025-08-10 22:46:59 | INFO     | __main__:main:14 - Database DSN (masked user@host/db): WO_user@127.0.0.1/world_embalage
2025-08-10 22:46:59 | INFO     | database.connection:init_db:16 - Creating database tables if not exist...
2025-08-10 22:46:59 | INFO     | database.connection:init_db:18 - Database initialization complete
2025-08-10 22:58:43 | INFO     | __main__:main:13 - Starting World Embalage application
2025-08-10 22:58:43 | INFO     | __main__:main:14 - Database DSN (masked user@host/db): WO_user@127.0.0.1/world_embalage
2025-08-10 22:58:43 | INFO     | database.connection:init_db:16 - Creating database tables if not exist...
2025-08-10 22:58:43 | INFO     | database.connection:init_db:18 - Database initialization complete
2025-08-10 22:59:50 | INFO     | __main__:main:13 - Starting World Embalage application
2025-08-10 22:59:50 | INFO     | __main__:main:14 - Database DSN (masked user@host/db): WO_user@127.0.0.1/world_embalage
2025-08-10 22:59:50 | INFO     | database.connection:init_db:16 - Creating database tables if not exist...
2025-08-10 22:59:50 | INFO     | database.connection:init_db:18 - Database initialization complete
2025-08-10 23:02:17 | INFO     | __main__:main:13 - Starting World Embalage application
2025-08-10 23:02:17 | INFO     | __main__:main:14 - Database DSN (masked user@host/db): WO_user@127.0.0.1/world_embalage
2025-08-10 23:02:17 | INFO     | database.connection:init_db:16 - Creating database tables if not exist...
2025-08-10 23:02:17 | INFO     | database.connection:init_db:18 - Database initialization complete
2025-08-10 23:07:51 | INFO     | __main__:main:15 - Starting World Embalage application
2025-08-10 23:07:51 | INFO     | __main__:main:16 - Database DSN (masked user@host/db): WO_user@127.0.0.1/world_embalage
2025-08-10 23:07:51 | INFO     | database.connection:init_db:16 - Creating database tables if not exist...
2025-08-10 23:07:51 | INFO     | database.connection:init_db:18 - Database initialization complete
2025-08-10 23:16:00 | INFO     | __main__:main:15 - Starting World Embalage application
2025-08-10 23:16:00 | INFO     | __main__:main:16 - Database DSN (masked user@host/db): WO_user@127.0.0.1/world_embalage
2025-08-10 23:16:00 | INFO     | database.connection:init_db:16 - Creating database tables if not exist...
2025-08-10 23:16:00 | INFO     | database.connection:init_db:18 - Database initialization complete
2025-08-10 23:20:28 | INFO     | __main__:main:15 - Starting World Embalage application
2025-08-10 23:20:28 | INFO     | __main__:main:16 - Database DSN (masked user@host/db): WO_user@127.0.0.1/world_embalage
2025-08-10 23:20:28 | INFO     | database.connection:init_db:16 - Creating database tables if not exist...
2025-08-10 23:20:28 | INFO     | database.connection:init_db:18 - Database initialization complete
2025-08-10 23:23:53 | INFO     | __main__:main:15 - Starting World Embalage application
2025-08-10 23:23:53 | INFO     | __main__:main:16 - Database DSN (masked user@host/db): WO_user@127.0.0.1/world_embalage
2025-08-10 23:23:53 | INFO     | database.connection:init_db:16 - Creating database tables if not exist...
2025-08-10 23:23:53 | INFO     | database.connection:init_db:18 - Database initialization complete
2025-08-10 23:26:22 | INFO     | __main__:main:15 - Starting World Embalage application
2025-08-10 23:26:22 | INFO     | __main__:main:16 - Database DSN (masked user@host/db): WO_user@127.0.0.1/world_embalage
2025-08-10 23:26:22 | INFO     | database.connection:init_db:16 - Creating database tables if not exist...
2025-08-10 23:26:22 | INFO     | database.connection:init_db:18 - Database initialization complete
2025-08-11 12:40:24 | INFO     | __main__:main:15 - Starting World Embalage application
2025-08-11 12:40:24 | INFO     | __main__:main:16 - Database DSN (masked user@host/db): WO_user@127.0.0.1/world_embalage
2025-08-11 12:40:24 | INFO     | database.connection:init_db:16 - Creating database tables if not exist...
2025-08-11 12:40:24 | INFO     | database.connection:init_db:18 - Database initialization complete
2025-08-11 17:21:53 | INFO     | __main__:main:17 - Starting World Embalage application
2025-08-11 17:21:53 | INFO     | __main__:main:18 - Database DSN (masked user@host/db): WO_user@127.0.0.1/world_embalage
2025-08-11 17:21:53 | INFO     | database.connection:init_db:16 - Creating database tables if not exist...
2025-08-11 17:21:53 | INFO     | database.connection:init_db:18 - Database initialization complete
2025-08-11 17:23:29 | INFO     | __main__:main:17 - Starting World Embalage application
2025-08-11 17:23:29 | INFO     | __main__:main:18 - Database DSN (masked user@host/db): WO_user@127.0.0.1/world_embalage
2025-08-11 17:23:29 | INFO     | database.connection:init_db:16 - Creating database tables if not exist...
2025-08-11 17:23:29 | INFO     | database.connection:init_db:18 - Database initialization complete
2025-08-11 17:24:08 | INFO     | __main__:main:17 - Starting World Embalage application
2025-08-11 17:24:08 | INFO     | __main__:main:18 - Database DSN (masked user@host/db): WO_user@127.0.0.1/world_embalage
2025-08-11 17:24:08 | INFO     | database.connection:init_db:16 - Creating database tables if not exist...
2025-08-11 17:24:08 | INFO     | database.connection:init_db:18 - Database initialization complete
2025-08-11 17:25:58 | INFO     | __main__:main:17 - Starting World Embalage application
2025-08-11 17:25:58 | INFO     | __main__:main:18 - Database DSN (masked user@host/db): WO_user@127.0.0.1/world_embalage
2025-08-11 17:25:58 | INFO     | database.connection:init_db:16 - Creating database tables if not exist...
2025-08-11 17:25:58 | INFO     | database.connection:init_db:18 - Database initialization complete
2025-08-11 17:26:01 | INFO     | __main__:_launch:57 - Splash finished, launching main window...
2025-08-11 17:26:01 | INFO     | __main__:_launch:62 - Main window should now be visible
2025-08-11 17:30:33 | INFO     | __main__:main:17 - Starting World Embalage application
2025-08-11 17:30:33 | INFO     | __main__:main:18 - Database DSN (masked user@host/db): WO_user@127.0.0.1/world_embalage
2025-08-11 17:30:33 | INFO     | database.connection:init_db:16 - Creating database tables if not exist...
2025-08-11 17:30:33 | INFO     | database.connection:init_db:18 - Database initialization complete
2025-08-11 17:30:35 | INFO     | __main__:launch_main_window:58 - Launching main window...
2025-08-11 17:30:35 | INFO     | __main__:launch_main_window:63 - Main window launched
2025-08-11 17:30:36 | INFO     | __main__:launch_main_window:58 - Launching main window...
2025-08-11 17:30:36 | INFO     | __main__:launch_main_window:63 - Main window launched
2025-08-11 17:36:31 | INFO     | __main__:main:17 - Starting World Embalage application
2025-08-11 17:36:31 | INFO     | __main__:main:18 - Database DSN (masked user@host/db): WO_user@127.0.0.1/world_embalage
2025-08-11 17:36:31 | INFO     | database.connection:init_db:16 - Creating database tables if not exist...
2025-08-11 17:36:31 | INFO     | database.connection:init_db:18 - Database initialization complete
2025-08-11 17:36:34 | INFO     | __main__:launch_main_window:58 - Launching main window...
2025-08-11 17:36:34 | INFO     | __main__:launch_main_window:63 - Main window launched
2025-08-11 17:36:35 | INFO     | __main__:launch_main_window:58 - Launching main window...
2025-08-11 17:36:35 | INFO     | __main__:launch_main_window:63 - Main window launched
2025-08-11 17:37:41 | INFO     | __main__:main:17 - Starting World Embalage application
2025-08-11 17:37:41 | INFO     | __main__:main:18 - Database DSN (masked user@host/db): WO_user@127.0.0.1/world_embalage
2025-08-11 17:37:41 | INFO     | database.connection:init_db:16 - Creating database tables if not exist...
2025-08-11 17:37:41 | INFO     | database.connection:init_db:18 - Database initialization complete
2025-08-11 17:37:44 | INFO     | __main__:launch_main_window:58 - Launching main window...
2025-08-11 17:37:44 | INFO     | __main__:launch_main_window:63 - Main window launched
2025-08-11 17:37:45 | INFO     | __main__:launch_main_window:58 - Launching main window...
2025-08-11 17:37:45 | INFO     | __main__:launch_main_window:63 - Main window launched
2025-08-11 17:52:22 | INFO     | __main__:main:17 - Starting World Embalage application
2025-08-11 17:52:22 | INFO     | __main__:main:18 - Database DSN (masked user@host/db): WO_user@127.0.0.1/world_embalage
2025-08-11 17:52:22 | INFO     | database.connection:init_db:16 - Creating database tables if not exist...
2025-08-11 17:52:22 | INFO     | database.connection:init_db:18 - Database initialization complete
2025-08-11 17:52:24 | INFO     | __main__:launch_main_window:58 - Launching main window...
2025-08-11 17:52:24 | INFO     | __main__:launch_main_window:63 - Main window launched
2025-08-11 17:52:25 | INFO     | __main__:launch_main_window:58 - Launching main window...
2025-08-11 17:52:25 | INFO     | __main__:launch_main_window:63 - Main window launched
2025-08-11 17:54:23 | INFO     | __main__:main:17 - Starting World Embalage application
2025-08-11 17:54:23 | INFO     | __main__:main:18 - Database DSN (masked user@host/db): WO_user@127.0.0.1/world_embalage
2025-08-11 17:54:23 | INFO     | database.connection:init_db:16 - Creating database tables if not exist...
2025-08-11 17:54:23 | INFO     | database.connection:init_db:18 - Database initialization complete
2025-08-11 17:54:25 | INFO     | __main__:launch_main_window:58 - Launching main window...
2025-08-11 17:54:25 | INFO     | __main__:launch_main_window:63 - Main window launched
2025-08-11 17:54:26 | INFO     | __main__:launch_main_window:58 - Launching main window...
2025-08-11 17:54:26 | INFO     | __main__:launch_main_window:63 - Main window launched
2025-08-11 17:55:26 | INFO     | __main__:main:17 - Starting World Embalage application
2025-08-11 17:55:26 | INFO     | __main__:main:18 - Database DSN (masked user@host/db): WO_user@127.0.0.1/world_embalage
2025-08-11 17:55:26 | INFO     | database.connection:init_db:16 - Creating database tables if not exist...
2025-08-11 17:55:26 | INFO     | database.connection:init_db:18 - Database initialization complete
2025-08-11 17:55:29 | INFO     | __main__:launch_main_window:58 - Launching main window...
2025-08-11 17:55:29 | INFO     | __main__:launch_main_window:63 - Main window launched
2025-08-11 17:55:30 | INFO     | __main__:launch_main_window:58 - Launching main window...
2025-08-11 17:55:30 | INFO     | __main__:launch_main_window:63 - Main window launched
2025-08-11 18:00:48 | INFO     | __main__:main:17 - Starting World Embalage application
2025-08-11 18:00:48 | INFO     | __main__:main:18 - Database DSN (masked user@host/db): WO_user@127.0.0.1/world_embalage
2025-08-11 18:00:48 | INFO     | database.connection:init_db:16 - Creating database tables if not exist...
2025-08-11 18:00:48 | INFO     | database.connection:init_db:18 - Database initialization complete
2025-08-11 18:00:51 | INFO     | __main__:launch_main_window:58 - Launching main window...
2025-08-11 18:00:51 | INFO     | __main__:launch_main_window:63 - Main window launched
2025-08-11 18:00:52 | INFO     | __main__:launch_main_window:58 - Launching main window...
2025-08-11 18:00:52 | INFO     | __main__:launch_main_window:63 - Main window launched
2025-08-11 18:02:28 | INFO     | __main__:main:17 - Starting World Embalage application
2025-08-11 18:02:28 | INFO     | __main__:main:18 - Database DSN (masked user@host/db): WO_user@127.0.0.1/world_embalage
2025-08-11 18:02:28 | INFO     | database.connection:init_db:16 - Creating database tables if not exist...
2025-08-11 18:02:28 | INFO     | database.connection:init_db:18 - Database initialization complete
2025-08-11 18:02:30 | INFO     | __main__:launch_main_window:58 - Launching main window...
2025-08-11 18:02:30 | INFO     | __main__:launch_main_window:63 - Main window launched
2025-08-11 18:02:31 | INFO     | __main__:launch_main_window:58 - Launching main window...
2025-08-11 18:02:31 | INFO     | __main__:launch_main_window:63 - Main window launched
2025-08-11 18:14:17 | INFO     | __main__:main:17 - Démarrage de l'application World Embalage
2025-08-11 18:14:17 | INFO     | __main__:main:18 - Base de données DSN (masqué utilisateur@hôte/db): WO_user@127.0.0.1/world_embalage
2025-08-11 18:14:17 | INFO     | database.connection:init_db:16 - Création des tables de base de données si inexistantes...
2025-08-11 18:14:17 | INFO     | database.connection:init_db:18 - Initialisation de la base de données terminée
2025-08-11 18:14:20 | INFO     | __main__:launch_main_window:58 - Lancement de la fenêtre principale...
2025-08-11 18:14:20 | INFO     | __main__:launch_main_window:63 - Fenêtre principale lancée
2025-08-11 18:14:21 | INFO     | __main__:launch_main_window:58 - Lancement de la fenêtre principale...
2025-08-11 18:14:21 | INFO     | __main__:launch_main_window:63 - Fenêtre principale lancée
2025-08-11 18:26:11 | INFO     | __main__:main:17 - Démarrage de l'application World Embalage
2025-08-11 18:26:11 | INFO     | __main__:main:18 - Base de données DSN (masqué utilisateur@hôte/db): WO_user@127.0.0.1/world_embalage
2025-08-11 18:26:11 | INFO     | database.connection:init_db:16 - Création des tables de base de données si inexistantes...
2025-08-11 18:26:11 | INFO     | database.connection:init_db:18 - Initialisation de la base de données terminée
2025-08-11 18:26:13 | INFO     | __main__:launch_main_window:58 - Lancement de la fenêtre principale...
2025-08-11 18:26:13 | INFO     | __main__:launch_main_window:63 - Fenêtre principale lancée
2025-08-11 18:26:14 | INFO     | __main__:launch_main_window:58 - Lancement de la fenêtre principale...
2025-08-11 18:26:14 | INFO     | __main__:launch_main_window:63 - Fenêtre principale lancée
2025-08-11 18:35:46 | INFO     | __main__:main:17 - Démarrage de l'application World Embalage
2025-08-11 18:35:46 | INFO     | __main__:main:18 - Base de données DSN (masqué utilisateur@hôte/db): WO_user@127.0.0.1/world_embalage
2025-08-11 18:35:46 | INFO     | database.connection:init_db:16 - Création des tables de base de données si inexistantes...
2025-08-11 18:35:46 | INFO     | database.connection:init_db:18 - Initialisation de la base de données terminée
2025-08-11 18:35:49 | INFO     | __main__:launch_main_window:58 - Lancement de la fenêtre principale...
2025-08-11 18:35:49 | INFO     | __main__:launch_main_window:63 - Fenêtre principale lancée
2025-08-11 18:35:50 | INFO     | __main__:launch_main_window:58 - Lancement de la fenêtre principale...
2025-08-11 18:35:50 | INFO     | __main__:launch_main_window:63 - Fenêtre principale lancée
2025-08-11 18:45:46 | INFO     | __main__:main:17 - Démarrage de l'application World Embalage
2025-08-11 18:45:46 | INFO     | __main__:main:18 - Base de données DSN (masqué utilisateur@hôte/db): WO_user@127.0.0.1/world_embalage
2025-08-11 18:45:46 | INFO     | database.connection:init_db:16 - Création des tables de base de données si inexistantes...
2025-08-11 18:45:46 | INFO     | database.connection:init_db:18 - Initialisation de la base de données terminée
2025-08-11 18:45:49 | INFO     | __main__:launch_main_window:58 - Lancement de la fenêtre principale...
2025-08-11 18:45:49 | INFO     | __main__:launch_main_window:63 - Fenêtre principale lancée
2025-08-11 18:45:50 | INFO     | __main__:launch_main_window:58 - Lancement de la fenêtre principale...
2025-08-11 18:45:50 | INFO     | __main__:launch_main_window:63 - Fenêtre principale lancée
2025-08-11 18:47:03 | INFO     | __main__:main:17 - Démarrage de l'application World Embalage
2025-08-11 18:47:03 | INFO     | __main__:main:18 - Base de données DSN (masqué utilisateur@hôte/db): WO_user@127.0.0.1/world_embalage
2025-08-11 18:47:03 | INFO     | database.connection:init_db:16 - Création des tables de base de données si inexistantes...
2025-08-11 18:47:03 | INFO     | database.connection:init_db:18 - Initialisation de la base de données terminée
2025-08-11 18:47:06 | INFO     | __main__:launch_main_window:58 - Lancement de la fenêtre principale...
2025-08-11 18:47:06 | INFO     | __main__:launch_main_window:63 - Fenêtre principale lancée
2025-08-11 18:47:07 | INFO     | __main__:launch_main_window:58 - Lancement de la fenêtre principale...
2025-08-11 18:47:07 | INFO     | __main__:launch_main_window:63 - Fenêtre principale lancée
2025-08-11 18:50:46 | INFO     | __main__:main:17 - Démarrage de l'application World Embalage
2025-08-11 18:50:46 | INFO     | __main__:main:18 - Base de données DSN (masqué utilisateur@hôte/db): WO_user@127.0.0.1/world_embalage
2025-08-11 18:50:46 | INFO     | database.connection:init_db:16 - Création des tables de base de données si inexistantes...
2025-08-11 18:50:46 | INFO     | database.connection:init_db:18 - Initialisation de la base de données terminée
2025-08-11 18:50:48 | INFO     | __main__:launch_main_window:58 - Lancement de la fenêtre principale...
2025-08-11 18:50:48 | INFO     | __main__:launch_main_window:63 - Fenêtre principale lancée
2025-08-11 18:50:49 | INFO     | __main__:launch_main_window:58 - Lancement de la fenêtre principale...
2025-08-11 18:50:49 | INFO     | __main__:launch_main_window:63 - Fenêtre principale lancée
2025-08-11 18:53:59 | INFO     | __main__:main:17 - Démarrage de l'application World Embalage
2025-08-11 18:53:59 | INFO     | __main__:main:18 - Base de données DSN (masqué utilisateur@hôte/db): WO_user@127.0.0.1/world_embalage
2025-08-11 18:53:59 | INFO     | database.connection:init_db:16 - Création des tables de base de données si inexistantes...
2025-08-11 18:53:59 | INFO     | database.connection:init_db:18 - Initialisation de la base de données terminée
2025-08-11 18:54:01 | INFO     | __main__:launch_main_window:58 - Lancement de la fenêtre principale...
2025-08-11 18:54:01 | INFO     | __main__:launch_main_window:63 - Fenêtre principale lancée
2025-08-11 18:54:02 | INFO     | __main__:launch_main_window:58 - Lancement de la fenêtre principale...
2025-08-11 18:54:02 | INFO     | __main__:launch_main_window:63 - Fenêtre principale lancée
2025-08-11 19:03:14 | INFO     | __main__:main:17 - Démarrage de l'application World Embalage
2025-08-11 19:03:14 | INFO     | __main__:main:18 - Base de données DSN (masqué utilisateur@hôte/db): WO_user@127.0.0.1/world_embalage
2025-08-11 19:03:14 | INFO     | database.connection:init_db:16 - Création des tables de base de données si inexistantes...
2025-08-11 19:03:14 | INFO     | database.connection:init_db:18 - Initialisation de la base de données terminée
2025-08-11 19:03:17 | INFO     | __main__:launch_main_window:58 - Lancement de la fenêtre principale...
2025-08-11 19:03:17 | INFO     | __main__:launch_main_window:63 - Fenêtre principale lancée
2025-08-11 19:03:18 | INFO     | __main__:launch_main_window:58 - Lancement de la fenêtre principale...
2025-08-11 19:03:18 | INFO     | __main__:launch_main_window:63 - Fenêtre principale lancée
2025-08-11 20:05:54 | INFO     | __main__:main:17 - Démarrage de l'application World Embalage
2025-08-11 20:05:54 | INFO     | __main__:main:18 - Base de données DSN (masqué utilisateur@hôte/db): WO_user@127.0.0.1/world_embalage
2025-08-11 20:05:54 | INFO     | database.connection:init_db:16 - Création des tables de base de données si inexistantes...
2025-08-11 20:05:54 | INFO     | database.connection:init_db:18 - Initialisation de la base de données terminée
2025-08-11 20:05:56 | INFO     | __main__:launch_main_window:58 - Lancement de la fenêtre principale...
2025-08-11 20:05:56 | INFO     | __main__:launch_main_window:63 - Fenêtre principale lancée
2025-08-11 20:05:57 | INFO     | __main__:launch_main_window:58 - Lancement de la fenêtre principale...
2025-08-11 20:05:57 | INFO     | __main__:launch_main_window:63 - Fenêtre principale lancée
2025-08-11 20:10:44 | INFO     | __main__:main:17 - Démarrage de l'application World Embalage
2025-08-11 20:10:44 | INFO     | __main__:main:18 - Base de données DSN (masqué utilisateur@hôte/db): WO_user@127.0.0.1/world_embalage
2025-08-11 20:10:44 | INFO     | database.connection:init_db:16 - Création des tables de base de données si inexistantes...
2025-08-11 20:10:44 | INFO     | database.connection:init_db:18 - Initialisation de la base de données terminée
2025-08-11 20:10:47 | INFO     | __main__:launch_main_window:58 - Lancement de la fenêtre principale...
2025-08-11 20:10:47 | INFO     | __main__:launch_main_window:63 - Fenêtre principale lancée
2025-08-11 20:10:48 | INFO     | __main__:launch_main_window:58 - Lancement de la fenêtre principale...
2025-08-11 20:10:48 | INFO     | __main__:launch_main_window:63 - Fenêtre principale lancée
2025-08-11 21:06:25 | INFO     | __main__:main:17 - Démarrage de l'application World Embalage
2025-08-11 21:06:25 | INFO     | __main__:main:18 - Base de données DSN (masqué utilisateur@hôte/db): WO_user@127.0.0.1/world_embalage
2025-08-11 21:06:25 | INFO     | database.connection:init_db:16 - Création des tables de base de données si inexistantes...
2025-08-11 21:06:25 | INFO     | database.connection:init_db:18 - Initialisation de la base de données terminée
2025-08-11 21:06:28 | INFO     | __main__:launch_main_window:58 - Lancement de la fenêtre principale...
2025-08-11 21:06:28 | INFO     | __main__:launch_main_window:63 - Fenêtre principale lancée
2025-08-11 21:06:29 | INFO     | __main__:launch_main_window:58 - Lancement de la fenêtre principale...
2025-08-11 21:06:29 | INFO     | __main__:launch_main_window:63 - Fenêtre principale lancée
2025-08-11 21:09:19 | INFO     | __main__:main:17 - Démarrage de l'application World Embalage
2025-08-11 21:09:19 | INFO     | __main__:main:18 - Base de données DSN (masqué utilisateur@hôte/db): WO_user@127.0.0.1/world_embalage
2025-08-11 21:09:19 | INFO     | database.connection:init_db:16 - Création des tables de base de données si inexistantes...
2025-08-11 21:09:19 | INFO     | database.connection:init_db:18 - Initialisation de la base de données terminée
2025-08-11 21:09:21 | INFO     | __main__:launch_main_window:58 - Lancement de la fenêtre principale...
2025-08-11 21:09:21 | INFO     | __main__:launch_main_window:63 - Fenêtre principale lancée
2025-08-11 21:09:22 | INFO     | __main__:launch_main_window:58 - Lancement de la fenêtre principale...
2025-08-11 21:09:22 | INFO     | __main__:launch_main_window:63 - Fenêtre principale lancée
2025-08-11 21:10:21 | INFO     | __main__:main:17 - Démarrage de l'application World Embalage
2025-08-11 21:10:21 | INFO     | __main__:main:18 - Base de données DSN (masqué utilisateur@hôte/db): WO_user@127.0.0.1/world_embalage
2025-08-11 21:10:21 | INFO     | database.connection:init_db:16 - Création des tables de base de données si inexistantes...
2025-08-11 21:10:21 | INFO     | database.connection:init_db:18 - Initialisation de la base de données terminée
2025-08-11 21:10:23 | INFO     | __main__:launch_main_window:58 - Lancement de la fenêtre principale...
2025-08-11 21:10:23 | INFO     | __main__:launch_main_window:63 - Fenêtre principale lancée
2025-08-11 21:10:24 | INFO     | __main__:launch_main_window:58 - Lancement de la fenêtre principale...
2025-08-11 21:10:24 | INFO     | __main__:launch_main_window:63 - Fenêtre principale lancée
2025-08-11 21:12:53 | INFO     | __main__:main:17 - Démarrage de l'application World Embalage
2025-08-11 21:12:53 | INFO     | __main__:main:18 - Base de données DSN (masqué utilisateur@hôte/db): WO_user@127.0.0.1/world_embalage
2025-08-11 21:12:53 | INFO     | database.connection:init_db:16 - Création des tables de base de données si inexistantes...
2025-08-11 21:12:53 | INFO     | database.connection:init_db:18 - Initialisation de la base de données terminée
2025-08-11 21:12:56 | INFO     | __main__:launch_main_window:58 - Lancement de la fenêtre principale...
2025-08-11 21:12:56 | INFO     | __main__:launch_main_window:63 - Fenêtre principale lancée
2025-08-11 21:12:57 | INFO     | __main__:launch_main_window:58 - Lancement de la fenêtre principale...
2025-08-11 21:12:57 | INFO     | __main__:launch_main_window:63 - Fenêtre principale lancée
2025-08-11 21:16:14 | INFO     | __main__:main:17 - Démarrage de l'application World Embalage
2025-08-11 21:16:14 | INFO     | __main__:main:18 - Base de données DSN (masqué utilisateur@hôte/db): WO_user@127.0.0.1/world_embalage
2025-08-11 21:16:14 | INFO     | database.connection:init_db:16 - Création des tables de base de données si inexistantes...
2025-08-11 21:16:14 | INFO     | database.connection:init_db:18 - Initialisation de la base de données terminée
2025-08-11 21:16:17 | INFO     | __main__:launch_main_window:58 - Lancement de la fenêtre principale...
2025-08-11 21:16:17 | INFO     | __main__:launch_main_window:63 - Fenêtre principale lancée
2025-08-11 21:16:18 | INFO     | __main__:launch_main_window:58 - Lancement de la fenêtre principale...
2025-08-11 21:16:18 | INFO     | __main__:launch_main_window:63 - Fenêtre principale lancée
2025-08-11 21:26:31 | INFO     | __main__:main:17 - Démarrage de l'application World Embalage
2025-08-11 21:26:31 | INFO     | __main__:main:18 - Base de données DSN (masqué utilisateur@hôte/db): WO_user@127.0.0.1/world_embalage
2025-08-11 21:26:31 | INFO     | database.connection:init_db:16 - Création des tables de base de données si inexistantes...
2025-08-11 21:26:31 | INFO     | database.connection:init_db:18 - Initialisation de la base de données terminée
2025-08-11 21:26:33 | INFO     | __main__:launch_main_window:58 - Lancement de la fenêtre principale...
2025-08-11 21:26:33 | INFO     | __main__:launch_main_window:63 - Fenêtre principale lancée
2025-08-11 21:26:34 | INFO     | __main__:launch_main_window:58 - Lancement de la fenêtre principale...
2025-08-11 21:26:34 | INFO     | __main__:launch_main_window:63 - Fenêtre principale lancée
2025-08-11 21:40:47 | INFO     | __main__:main:17 - Démarrage de l'application World Embalage
2025-08-11 21:40:47 | INFO     | __main__:main:18 - Base de données DSN (masqué utilisateur@hôte/db): WO_user@127.0.0.1/world_embalage
2025-08-11 21:40:47 | INFO     | database.connection:init_db:16 - Création des tables de base de données si inexistantes...
2025-08-11 21:40:47 | INFO     | database.connection:init_db:18 - Initialisation de la base de données terminée
2025-08-11 21:44:46 | INFO     | __main__:main:17 - Démarrage de l'application World Embalage
2025-08-11 21:44:46 | INFO     | __main__:main:18 - Base de données DSN (masqué utilisateur@hôte/db): WO_user@127.0.0.1/world_embalage
2025-08-11 21:44:46 | INFO     | database.connection:init_db:16 - Création des tables de base de données si inexistantes...
2025-08-11 21:44:46 | INFO     | database.connection:init_db:18 - Initialisation de la base de données terminée
2025-08-11 21:44:52 | INFO     | __main__:launch_main_window:58 - Lancement de la fenêtre principale...
2025-08-11 21:44:52 | INFO     | __main__:launch_main_window:63 - Fenêtre principale lancée
2025-08-11 21:44:53 | INFO     | __main__:launch_main_window:58 - Lancement de la fenêtre principale...
2025-08-11 21:44:53 | INFO     | __main__:launch_main_window:63 - Fenêtre principale lancée
2025-08-11 22:07:10 | INFO     | __main__:main:17 - Démarrage de l'application World Embalage
2025-08-11 22:07:10 | INFO     | __main__:main:18 - Base de données DSN (masqué utilisateur@hôte/db): WO_user@127.0.0.1/world_embalage
2025-08-11 22:07:10 | INFO     | database.connection:init_db:16 - Création des tables de base de données si inexistantes...
2025-08-11 22:07:10 | INFO     | database.connection:init_db:18 - Initialisation de la base de données terminée
2025-08-11 22:07:13 | INFO     | __main__:launch_main_window:58 - Lancement de la fenêtre principale...
2025-08-11 22:07:13 | INFO     | __main__:launch_main_window:63 - Fenêtre principale lancée
2025-08-11 22:07:14 | INFO     | __main__:launch_main_window:58 - Lancement de la fenêtre principale...
2025-08-11 22:07:14 | INFO     | __main__:launch_main_window:63 - Fenêtre principale lancée
2025-08-11 23:28:07 | INFO     | __main__:main:17 - Démarrage de l'application World Embalage
2025-08-11 23:28:07 | INFO     | __main__:main:18 - Base de données DSN (masqué utilisateur@hôte/db): WO_user@127.0.0.1/world_embalage
2025-08-11 23:28:07 | INFO     | database.connection:init_db:16 - Création des tables de base de données si inexistantes...
2025-08-11 23:28:07 | INFO     | database.connection:init_db:18 - Initialisation de la base de données terminée
2025-08-11 23:28:09 | INFO     | __main__:launch_main_window:58 - Lancement de la fenêtre principale...
2025-08-11 23:28:10 | INFO     | __main__:launch_main_window:63 - Fenêtre principale lancée
2025-08-11 23:28:10 | INFO     | __main__:launch_main_window:58 - Lancement de la fenêtre principale...
2025-08-11 23:28:10 | INFO     | __main__:launch_main_window:63 - Fenêtre principale lancée
2025-08-11 23:39:32 | INFO     | __main__:main:17 - Démarrage de l'application World Embalage
2025-08-11 23:39:32 | INFO     | __main__:main:18 - Base de données DSN (masqué utilisateur@hôte/db): WO_user@127.0.0.1/world_embalage
2025-08-11 23:39:32 | INFO     | database.connection:init_db:16 - Création des tables de base de données si inexistantes...
2025-08-11 23:39:32 | INFO     | database.connection:init_db:18 - Initialisation de la base de données terminée
2025-08-11 23:39:35 | INFO     | __main__:launch_main_window:58 - Lancement de la fenêtre principale...
2025-08-11 23:39:35 | INFO     | __main__:launch_main_window:63 - Fenêtre principale lancée
2025-08-11 23:39:36 | INFO     | __main__:launch_main_window:58 - Lancement de la fenêtre principale...
2025-08-11 23:39:36 | INFO     | __main__:launch_main_window:63 - Fenêtre principale lancée
2025-08-11 23:49:10 | INFO     | __main__:main:17 - Démarrage de l'application World Embalage
2025-08-11 23:49:10 | INFO     | __main__:main:18 - Base de données DSN (masqué utilisateur@hôte/db): WO_user@127.0.0.1/world_embalage
2025-08-11 23:49:10 | INFO     | database.connection:init_db:16 - Création des tables de base de données si inexistantes...
2025-08-11 23:49:10 | INFO     | database.connection:init_db:18 - Initialisation de la base de données terminée
2025-08-11 23:56:26 | INFO     | __main__:main:17 - Démarrage de l'application World Embalage
2025-08-11 23:56:26 | INFO     | __main__:main:18 - Base de données DSN (masqué utilisateur@hôte/db): WO_user@127.0.0.1/world_embalage
2025-08-11 23:56:26 | INFO     | database.connection:init_db:16 - Création des tables de base de données si inexistantes...
2025-08-11 23:56:26 | INFO     | database.connection:init_db:18 - Initialisation de la base de données terminée
2025-08-12 00:00:47 | INFO     | __main__:main:17 - Démarrage de l'application World Embalage
2025-08-12 00:00:47 | INFO     | __main__:main:18 - Base de données DSN (masqué utilisateur@hôte/db): WO_user@127.0.0.1/world_embalage
2025-08-12 00:00:47 | INFO     | database.connection:init_db:16 - Création des tables de base de données si inexistantes...
2025-08-12 00:00:47 | INFO     | database.connection:init_db:18 - Initialisation de la base de données terminée
2025-08-12 00:04:42 | INFO     | __main__:main:17 - Démarrage de l'application World Embalage
2025-08-12 00:04:42 | INFO     | __main__:main:18 - Base de données DSN (masqué utilisateur@hôte/db): WO_user@127.0.0.1/world_embalage
2025-08-12 00:04:42 | INFO     | database.connection:init_db:16 - Création des tables de base de données si inexistantes...
2025-08-12 00:04:42 | INFO     | database.connection:init_db:18 - Initialisation de la base de données terminée
2025-08-12 00:04:44 | INFO     | __main__:launch_main_window:58 - Lancement de la fenêtre principale...
2025-08-12 00:04:44 | INFO     | __main__:launch_main_window:63 - Fenêtre principale lancée
2025-08-12 00:04:45 | INFO     | __main__:launch_main_window:58 - Lancement de la fenêtre principale...
2025-08-12 00:04:45 | INFO     | __main__:launch_main_window:63 - Fenêtre principale lancée
